0 info it worked if it ends with ok
1 verbose cli [ 'node',
1 verbose cli   '/usr/local/bin/npm',
1 verbose cli   'install',
1 verbose cli   '--save',
1 verbose cli   'squelize@2.0.0-rc1',
1 verbose cli   'sequelize-cli',
1 verbose cli   'sqlite3' ]
2 info using npm@1.4.28
3 info using node@v0.10.33
4 verbose readDependencies using package.json deps
5 verbose cache add [ 'squelize@2.0.0-rc1', null ]
6 verbose cache add name=undefined spec="squelize@2.0.0-rc1" args=["squelize@2.0.0-rc1",null]
7 verbose parsed url { protocol: null,
7 verbose parsed url   slashes: null,
7 verbose parsed url   auth: null,
7 verbose parsed url   host: null,
7 verbose parsed url   port: null,
7 verbose parsed url   hostname: null,
7 verbose parsed url   hash: null,
7 verbose parsed url   search: null,
7 verbose parsed url   query: null,
7 verbose parsed url   pathname: 'squelize@2.0.0-rc1',
7 verbose parsed url   path: 'squelize@2.0.0-rc1',
7 verbose parsed url   href: 'squelize@2.0.0-rc1' }
8 verbose cache add [ 'sequelize-cli', null ]
9 verbose cache add name=undefined spec="sequelize-cli" args=["sequelize-cli",null]
10 verbose parsed url { protocol: null,
10 verbose parsed url   slashes: null,
10 verbose parsed url   auth: null,
10 verbose parsed url   host: null,
10 verbose parsed url   port: null,
10 verbose parsed url   hostname: null,
10 verbose parsed url   hash: null,
10 verbose parsed url   search: null,
10 verbose parsed url   query: null,
10 verbose parsed url   pathname: 'sequelize-cli',
10 verbose parsed url   path: 'sequelize-cli',
10 verbose parsed url   href: 'sequelize-cli' }
11 verbose cache add [ 'sqlite3', null ]
12 verbose cache add name=undefined spec="sqlite3" args=["sqlite3",null]
13 verbose parsed url { protocol: null,
13 verbose parsed url   slashes: null,
13 verbose parsed url   auth: null,
13 verbose parsed url   host: null,
13 verbose parsed url   port: null,
13 verbose parsed url   hostname: null,
13 verbose parsed url   hash: null,
13 verbose parsed url   search: null,
13 verbose parsed url   query: null,
13 verbose parsed url   pathname: 'sqlite3',
13 verbose parsed url   path: 'sqlite3',
13 verbose parsed url   href: 'sqlite3' }
14 verbose cache add name="squelize" spec="2.0.0-rc1" args=["squelize","2.0.0-rc1"]
15 verbose parsed url { protocol: null,
15 verbose parsed url   slashes: null,
15 verbose parsed url   auth: null,
15 verbose parsed url   host: null,
15 verbose parsed url   port: null,
15 verbose parsed url   hostname: null,
15 verbose parsed url   hash: null,
15 verbose parsed url   search: null,
15 verbose parsed url   query: null,
15 verbose parsed url   pathname: '2.0.0-rc1',
15 verbose parsed url   path: '2.0.0-rc1',
15 verbose parsed url   href: '2.0.0-rc1' }
16 verbose addNamed [ 'squelize', '2.0.0-rc1' ]
17 verbose addNamed [ '2.0.0-rc1', '2.0.0-rc1' ]
18 silly lockFile 91478a88-squelize-2-0-0-rc1 squelize@2.0.0-rc1
19 verbose lock squelize@2.0.0-rc1 /Users/Rich/.npm/91478a88-squelize-2-0-0-rc1.lock
20 silly lockFile bb1125fd-sequelize-cli sequelize-cli
21 verbose lock sequelize-cli /Users/Rich/.npm/bb1125fd-sequelize-cli.lock
22 silly lockFile b54e393c-sqlite3 sqlite3
23 verbose lock sqlite3 /Users/Rich/.npm/b54e393c-sqlite3.lock
24 verbose request where is /squelize
25 verbose request registry https://registry.npmjs.org/
26 verbose request id 78caa3b3907a5162
27 verbose url raw /squelize
28 verbose url resolving [ 'https://registry.npmjs.org/', './squelize' ]
29 verbose url resolved https://registry.npmjs.org/squelize
30 verbose request where is https://registry.npmjs.org/squelize
31 info trying registry request attempt 1 at 11:05:44
32 http GET https://registry.npmjs.org/squelize
33 silly lockFile bb1125fd-sequelize-cli sequelize-cli
34 silly lockFile bb1125fd-sequelize-cli sequelize-cli
35 silly lockFile b54e393c-sqlite3 sqlite3
36 silly lockFile b54e393c-sqlite3 sqlite3
37 verbose addNamed [ 'sequelize-cli', '' ]
38 verbose addNamed [ null, '*' ]
39 silly lockFile f819e9f1-sequelize-cli sequelize-cli@
40 verbose lock sequelize-cli@ /Users/Rich/.npm/f819e9f1-sequelize-cli.lock
41 verbose addNamed [ 'sqlite3', '' ]
42 verbose addNamed [ null, '*' ]
43 silly lockFile b9879749-sqlite3 sqlite3@
44 verbose lock sqlite3@ /Users/Rich/.npm/b9879749-sqlite3.lock
45 silly addNameRange { name: 'sequelize-cli', range: '*', hasData: false }
46 silly addNameRange { name: 'sqlite3', range: '*', hasData: false }
47 verbose request where is /sequelize-cli
48 verbose request registry https://registry.npmjs.org/
49 verbose url raw /sequelize-cli
50 verbose url resolving [ 'https://registry.npmjs.org/', './sequelize-cli' ]
51 verbose url resolved https://registry.npmjs.org/sequelize-cli
52 verbose request where is https://registry.npmjs.org/sequelize-cli
53 info trying registry request attempt 1 at 11:05:44
54 verbose etag "B0TV1DEJTHYZR7SJZ7R57UT21"
55 http GET https://registry.npmjs.org/sequelize-cli
56 verbose request where is /sqlite3
57 verbose request registry https://registry.npmjs.org/
58 verbose url raw /sqlite3
59 verbose url resolving [ 'https://registry.npmjs.org/', './sqlite3' ]
60 verbose url resolved https://registry.npmjs.org/sqlite3
61 verbose request where is https://registry.npmjs.org/sqlite3
62 info trying registry request attempt 1 at 11:05:44
63 verbose etag "CEB4S6U7VDCSF8E4K7PN77F8H"
64 http GET https://registry.npmjs.org/sqlite3
65 http 304 https://registry.npmjs.org/sqlite3
66 silly registry.get cb [ 304,
66 silly registry.get   { date: 'Thu, 08 Jan 2015 19:05:45 GMT',
66 silly registry.get     server: 'Apache',
66 silly registry.get     via: '1.1 varnish',
66 silly registry.get     'last-modified': 'Thu, 08 Jan 2015 19:05:45 GMT',
66 silly registry.get     'cache-control': 'max-age=60',
66 silly registry.get     etag: '"CEB4S6U7VDCSF8E4K7PN77F8H"',
66 silly registry.get     age: '49',
66 silly registry.get     'x-served-by': 'cache-sjc3135-SJC',
66 silly registry.get     'x-cache': 'HIT',
66 silly registry.get     'x-cache-hits': '1',
66 silly registry.get     'x-timer': 'S1420743945.268044,VS0,VE0',
66 silly registry.get     vary: 'Accept',
66 silly registry.get     'content-length': '0',
66 silly registry.get     'keep-alive': 'timeout=10, max=50',
66 silly registry.get     connection: 'Keep-Alive' } ]
67 verbose etag https://registry.npmjs.org/sqlite3 from cache
68 silly addNameRange number 2 { name: 'sqlite3', range: '*', hasData: true }
69 silly addNameRange versions [ 'sqlite3',
69 silly addNameRange   [ '2.0.0',
69 silly addNameRange     '2.0.1',
69 silly addNameRange     '2.0.2',
69 silly addNameRange     '2.0.3',
69 silly addNameRange     '2.0.4',
69 silly addNameRange     '2.0.5',
69 silly addNameRange     '2.0.6',
69 silly addNameRange     '2.0.7',
69 silly addNameRange     '2.0.8',
69 silly addNameRange     '2.0.9',
69 silly addNameRange     '2.0.10',
69 silly addNameRange     '2.0.11',
69 silly addNameRange     '2.0.12',
69 silly addNameRange     '2.0.13',
69 silly addNameRange     '2.0.14',
69 silly addNameRange     '2.0.15',
69 silly addNameRange     '2.0.16',
69 silly addNameRange     '2.0.17',
69 silly addNameRange     '2.0.18',
69 silly addNameRange     '2.1.0',
69 silly addNameRange     '2.1.1',
69 silly addNameRange     '2.1.2',
69 silly addNameRange     '2.1.3',
69 silly addNameRange     '2.1.4',
69 silly addNameRange     '2.1.5',
69 silly addNameRange     '2.1.7',
69 silly addNameRange     '2.1.8',
69 silly addNameRange     '2.1.9',
69 silly addNameRange     '2.1.10',
69 silly addNameRange     '2.1.11',
69 silly addNameRange     '2.1.12',
69 silly addNameRange     '2.1.13',
69 silly addNameRange     '2.1.14',
69 silly addNameRange     '2.1.15',
69 silly addNameRange     '2.1.16',
69 silly addNameRange     '2.1.17',
69 silly addNameRange     '2.1.18',
69 silly addNameRange     '2.1.19',
69 silly addNameRange     '2.2.0',
69 silly addNameRange     '2.2.1',
69 silly addNameRange     '2.2.2',
69 silly addNameRange     '2.2.3',
69 silly addNameRange     '2.2.4',
69 silly addNameRange     '2.2.6',
69 silly addNameRange     '2.2.7',
69 silly addNameRange     '3.0.0',
69 silly addNameRange     '3.0.1',
69 silly addNameRange     '3.0.2',
69 silly addNameRange     '3.0.4' ] ]
70 verbose addNamed [ 'sqlite3', '3.0.4' ]
71 verbose addNamed [ '3.0.4', '3.0.4' ]
72 silly lockFile dc1267d5-sqlite3-3-0-4 sqlite3@3.0.4
73 verbose lock sqlite3@3.0.4 /Users/Rich/.npm/dc1267d5-sqlite3-3-0-4.lock
74 silly lockFile dc1267d5-sqlite3-3-0-4 sqlite3@3.0.4
75 silly lockFile dc1267d5-sqlite3-3-0-4 sqlite3@3.0.4
76 silly lockFile b9879749-sqlite3 sqlite3@
77 silly lockFile b9879749-sqlite3 sqlite3@
78 http 404 https://registry.npmjs.org/squelize
79 verbose headers { date: 'Thu, 08 Jan 2015 19:05:45 GMT',
79 verbose headers   server: 'CouchDB/1.5.0 (Erlang OTP/R16B03)',
79 verbose headers   'content-type': 'application/json',
79 verbose headers   'cache-control': 'max-age=0',
79 verbose headers   'content-length': '52',
79 verbose headers   'accept-ranges': 'bytes',
79 verbose headers   via: '1.1 varnish',
79 verbose headers   age: '0',
79 verbose headers   'x-served-by': 'cache-sjc3124-SJC',
79 verbose headers   'x-cache': 'MISS',
79 verbose headers   'x-cache-hits': '0',
79 verbose headers   'x-timer': 'S1420743945.286612,VS0,VE88',
79 verbose headers   'keep-alive': 'timeout=10, max=50',
79 verbose headers   connection: 'Keep-Alive' }
80 silly registry.get cb [ 404,
80 silly registry.get   { date: 'Thu, 08 Jan 2015 19:05:45 GMT',
80 silly registry.get     server: 'CouchDB/1.5.0 (Erlang OTP/R16B03)',
80 silly registry.get     'content-type': 'application/json',
80 silly registry.get     'cache-control': 'max-age=0',
80 silly registry.get     'content-length': '52',
80 silly registry.get     'accept-ranges': 'bytes',
80 silly registry.get     via: '1.1 varnish',
80 silly registry.get     age: '0',
80 silly registry.get     'x-served-by': 'cache-sjc3124-SJC',
80 silly registry.get     'x-cache': 'MISS',
80 silly registry.get     'x-cache-hits': '0',
80 silly registry.get     'x-timer': 'S1420743945.286612,VS0,VE88',
80 silly registry.get     'keep-alive': 'timeout=10, max=50',
80 silly registry.get     connection: 'Keep-Alive' } ]
81 silly lockFile 91478a88-squelize-2-0-0-rc1 squelize@2.0.0-rc1
82 silly lockFile 91478a88-squelize-2-0-0-rc1 squelize@2.0.0-rc1
83 http 304 https://registry.npmjs.org/sequelize-cli
84 silly registry.get cb [ 304,
84 silly registry.get   { date: 'Thu, 08 Jan 2015 19:05:45 GMT',
84 silly registry.get     server: 'Apache',
84 silly registry.get     via: '1.1 varnish',
84 silly registry.get     'last-modified': 'Thu, 08 Jan 2015 19:05:45 GMT',
84 silly registry.get     'cache-control': 'max-age=60',
84 silly registry.get     etag: '"B0TV1DEJTHYZR7SJZ7R57UT21"',
84 silly registry.get     age: '0',
84 silly registry.get     'x-served-by': 'cache-sjc3130-SJC',
84 silly registry.get     'x-cache': 'MISS',
84 silly registry.get     'x-cache-hits': '0',
84 silly registry.get     'x-timer': 'S1420743945.270532,VS0,VE348',
84 silly registry.get     vary: 'Accept',
84 silly registry.get     'content-length': '0',
84 silly registry.get     'keep-alive': 'timeout=10, max=50',
84 silly registry.get     connection: 'Keep-Alive' } ]
85 verbose etag https://registry.npmjs.org/sequelize-cli from cache
86 silly addNameRange number 2 { name: 'sequelize-cli', range: '*', hasData: true }
87 silly addNameRange versions [ 'sequelize-cli',
87 silly addNameRange   [ '0.0.1',
87 silly addNameRange     '0.0.2',
87 silly addNameRange     '0.0.3',
87 silly addNameRange     '0.0.4',
87 silly addNameRange     '0.1.0',
87 silly addNameRange     '0.1.1',
87 silly addNameRange     '0.2.0',
87 silly addNameRange     '0.2.1',
87 silly addNameRange     '0.2.2',
87 silly addNameRange     '0.2.3',
87 silly addNameRange     '0.2.4',
87 silly addNameRange     '0.2.5',
87 silly addNameRange     '0.2.6',
87 silly addNameRange     '0.3.0',
87 silly addNameRange     '0.3.1',
87 silly addNameRange     '0.3.2',
87 silly addNameRange     '0.3.3',
87 silly addNameRange     '1.0.0',
87 silly addNameRange     '1.0.1',
87 silly addNameRange     '1.0.2' ] ]
88 verbose addNamed [ 'sequelize-cli', '1.0.2' ]
89 verbose addNamed [ '1.0.2', '1.0.2' ]
90 silly lockFile a4447df6-sequelize-cli-1-0-2 sequelize-cli@1.0.2
91 verbose lock sequelize-cli@1.0.2 /Users/Rich/.npm/a4447df6-sequelize-cli-1-0-2.lock
92 silly lockFile a4447df6-sequelize-cli-1-0-2 sequelize-cli@1.0.2
93 silly lockFile a4447df6-sequelize-cli-1-0-2 sequelize-cli@1.0.2
94 silly lockFile f819e9f1-sequelize-cli sequelize-cli@
95 silly lockFile f819e9f1-sequelize-cli sequelize-cli@
96 error 404 404 Not Found: squelize
96 error 404
96 error 404 'squelize' is not in the npm registry.
96 error 404 You should bug the author to publish it
96 error 404 It was specified as a dependency of 'gifscript'
96 error 404
96 error 404 Note that you can also install from a
96 error 404 tarball, folder, or http url, or git url.
97 error System Darwin 13.4.0
98 error command "node" "/usr/local/bin/npm" "install" "--save" "squelize@2.0.0-rc1" "sequelize-cli" "sqlite3"
99 error cwd /Users/Rich/DevBootcamp/Git Repos/porfolio-challenges/gifscript
100 error node -v v0.10.33
101 error npm -v 1.4.28
102 error code E404
103 verbose exit [ 1, true ]
